!SESSION 2018-07-18 15:34:17.745 -----------------------------------------------
eclipse.buildId=unknown
java.fullversion=8.0.5.5 - pwa6480sr5fp5-20171114_01(SR5 FP5)
JRE 1.8.0 IBM J9 2.9 Windows 7 amd64-64 Compressed References 20171102_369060 (JIT enabled, AOT enabled)
OpenJ9   - 7ade437
OMR      - 1b656cb
IBM      - 59c3d96
BootLoader constants: OS=win32, ARCH=x86_64, WS=win32, NL=es_MX
Framework arguments:  -product com.ibm.rational.rft.product.ide
Command-line arguments:  -os win32 -ws win32 -arch x86_64 -product com.ibm.rational.rft.product.ide

!ENTRY com.ibm.rational.test.rtw.webgui.recorder 4 0 2018-07-18 15:40:43.311
!MESSAGE CRRTWW0022E Se ha producido una excepción al iniciar el navegador Chrome.
org.openqa.selenium.WebDriverException: unknown error: call function result missing 'value'
  (Session info: chrome=67.0.3396.99)
  (Driver info: chromedriver=2.34.522940 (1a76f96f66e3ca7b8e57d503b4dd3bccfba87af1),platform=Windows NT 6.1.7601 SP1 x86_64) (WARNING: The server did not provide any stacktrace information)
Command duration or timeout: 71 milliseconds
Build info: version: 'unknown', revision: 'unknown', time: 'unknown'
System info: host: 'DELL-PC', ip: '192.168.15.179', os.name: 'Windows 7', os.arch: 'amd64', os.version: '6.1', java.version: '1.8.0_151'
Driver info: org.openqa.selenium.chrome.ChromeDriver
Capabilities [{applicationCacheEnabled=false, rotatable=false, mobileEmulationEnabled=false, networkConnectionEnabled=false, chrome={chromedriverVersion=2.34.522940 (1a76f96f66e3ca7b8e57d503b4dd3bccfba87af1), userDataDir=C:\Users\DELL\AppData\Local\Temp\scoped_dir6716_8983}, takesHeapSnapshot=true, pageLoadStrategy=normal, databaseEnabled=false, handlesAlerts=true, hasTouchScreen=false, version=67.0.3396.99, platform=XP, browserConnectionEnabled=false, nativeEvents=true, acceptSslCerts=true, locationContextEnabled=true, webStorageEnabled=true, browserName=chrome, takesScreenshot=true, javascriptEnabled=true, cssSelectorsEnabled=true, setWindowRect=true, unexpectedAlertBehaviour=}]
Session ID: 40c593e88c66b770353409e03e9f0ace
	at sun.reflect.NativeConstructorAccessorImpl.newInstance0(Native Method)
	at sun.reflect.NativeConstructorAccessorImpl.newInstance(NativeConstructorAccessorImpl.java:83)
	at sun.reflect.DelegatingConstructorAccessorImpl.newInstance(DelegatingConstructorAccessorImpl.java:57)
	at java.lang.reflect.Constructor.newInstance(Constructor.java:437)
	at org.openqa.selenium.remote.ErrorHandler.createThrowable(ErrorHandler.java:215)
	at org.openqa.selenium.remote.ErrorHandler.throwIfResponseFailed(ErrorHandler.java:167)
	at org.openqa.selenium.remote.RemoteWebDriver.execute(RemoteWebDriver.java:671)
	at org.openqa.selenium.remote.RemoteWebDriver.executeScript(RemoteWebDriver.java:573)
	at com.ibm.rational.test.rtw.webgui.client.SelClientDelegate.populateBrowserVersion(SelClientDelegate.java:160)
	at com.ibm.rational.test.rtw.webgui.client.SelChromeClientDelegate.startSelClient(SelChromeClientDelegate.java:89)
	at com.ibm.rational.test.rtw.webgui.client.SelClientDelegate.start(SelClientDelegate.java:48)
	at com.ibm.rational.test.lt.recorder.core.internal.session.Client.startDelegate(Client.java:103)
	at com.ibm.rational.test.lt.recorder.core.internal.session.Client.startDecoration(Client.java:278)
	at com.ibm.rational.test.lt.recorder.core.internal.session.Client.access$13(Client.java:275)
	at com.ibm.rational.test.lt.recorder.core.internal.session.Client$8.run(Client.java:291)
	at com.ibm.rational.test.lt.recorder.core.internal.session.ProcessingQueue.run(ProcessingQueue.java:38)

!STACK 0
java.lang.Throwable: org.openqa.selenium.WebDriverException: unknown error: call function result missing 'value'
  (Session info: chrome=67.0.3396.99)
  (Driver info: chromedriver=2.34.522940 (1a76f96f66e3ca7b8e57d503b4dd3bccfba87af1),platform=Windows NT 6.1.7601 SP1 x86_64) (WARNING: The server did not provide any stacktrace information)
Command duration or timeout: 71 milliseconds
Build info: version: 'unknown', revision: 'unknown', time: 'unknown'
System info: host: 'DELL-PC', ip: '192.168.15.179', os.name: 'Windows 7', os.arch: 'amd64', os.version: '6.1', java.version: '1.8.0_151'
Driver info: org.openqa.selenium.chrome.ChromeDriver
Capabilities [{applicationCacheEnabled=false, rotatable=false, mobileEmulationEnabled=false, networkConnectionEnabled=false, chrome={chromedriverVersion=2.34.522940 (1a76f96f66e3ca7b8e57d503b4dd3bccfba87af1), userDataDir=C:\Users\DELL\AppData\Local\Temp\scoped_dir6716_8983}, takesHeapSnapshot=true, pageLoadStrategy=normal, databaseEnabled=false, handlesAlerts=true, hasTouchScreen=false, version=67.0.3396.99, platform=XP, browserConnectionEnabled=false, nativeEvents=true, acceptSslCerts=true, locationContextEnabled=true, webStorageEnabled=true, browserName=chrome, takesScreenshot=true, javascriptEnabled=true, cssSelectorsEnabled=true, setWindowRect=true, unexpectedAlertBehaviour=}]
Session ID: 40c593e88c66b770353409e03e9f0ace
	at sun.reflect.NativeConstructorAccessorImpl.newInstance0(Native Method)
	at sun.reflect.NativeConstructorAccessorImpl.newInstance(NativeConstructorAccessorImpl.java:83)
	at sun.reflect.DelegatingConstructorAccessorImpl.newInstance(DelegatingConstructorAccessorImpl.java:57)
	at java.lang.reflect.Constructor.newInstance(Constructor.java:437)
	at org.openqa.selenium.remote.ErrorHandler.createThrowable(ErrorHandler.java:215)
	at org.openqa.selenium.remote.ErrorHandler.throwIfResponseFailed(ErrorHandler.java:167)
	at org.openqa.selenium.remote.RemoteWebDriver.execute(RemoteWebDriver.java:671)
	at org.openqa.selenium.remote.RemoteWebDriver.executeScript(RemoteWebDriver.java:573)
	at com.ibm.rational.test.rtw.webgui.client.SelClientDelegate.populateBrowserVersion(SelClientDelegate.java:160)
	at com.ibm.rational.test.rtw.webgui.client.SelChromeClientDelegate.startSelClient(SelChromeClientDelegate.java:89)
	at com.ibm.rational.test.rtw.webgui.client.SelClientDelegate.start(SelClientDelegate.java:48)
	at com.ibm.rational.test.lt.recorder.core.internal.session.Client.startDelegate(Client.java:103)
	at com.ibm.rational.test.lt.recorder.core.internal.session.Client.startDecoration(Client.java:278)
	at com.ibm.rational.test.lt.recorder.core.internal.session.Client.access$13(Client.java:275)
	at com.ibm.rational.test.lt.recorder.core.internal.session.Client$8.run(Client.java:291)
	at com.ibm.rational.test.lt.recorder.core.internal.session.ProcessingQueue.run(ProcessingQueue.java:38)

!ENTRY com.ibm.rational.test.lt.testgen.core3 1 0 2018-07-18 15:40:51.374
!MESSAGE RPTTI0001 Generación de prueba iniciada a las Wed Jul 18 15:40:51 CDT 2018 -- entrada:  Srcrip1.recsession

!ENTRY com.ibm.rational.test.lt.testgen.core3 1 0 2018-07-18 15:40:52.083
!MESSAGE RPTTI0002 Generación de prueba completada a las Wed Jul 18 15:40:52 CDT 2018 -- salida:  Srcrip1.testsuite
